<?xml version="1.0" encoding="UTF-8"?>
<!-- Generated by org.testng.reporters.JUnitReportReporter -->
<testsuite hostname="DESKTOP-JE04A8L" failures="0" tests="3" name="testlayer.AccountTest$HomeTest" time="50.285" errors="0" timestamp="2023-08-31T22:19:37 EDT" skipped="0">
  <testcase classname="testlayer.AccountTest$HomeTest" name="paymentTest" time="18.858"/>
  <testcase classname="testlayer.AccountTest$HomeTest" name="loginAndSecurityTest" time="15.637"/>
  <testcase classname="testlayer.AccountTest$HomeTest" name="AddresspageclickingTest" time="15.790"/>
</testsuite> <!-- testlayer.AccountTest$HomeTest -->
